Starting server with Config HP="127.0.0.1:13983"|T="28800000"|R="false"|L="info"
time="2026-03-02T10:44:00-05:00" level=info msg="Creating root@localhost superuser"
time="2026-03-02T10:44:00-05:00" level=info msg="Server ready. Accepting connections."
time="2026-03-02T10:44:00-05:00" level=warning msg="secure_file_priv is set to \"\", which is insecure."
time="2026-03-02T10:44:00-05:00" level=warning msg="Any user with GRANT FILE privileges will be able to read any file which the sql-server process can read."
time="2026-03-02T10:44:00-05:00" level=warning msg="Please consider restarting the server with secure_file_priv set to a safe (or non-existent) directory."
time="2026-03-02T10:44:00-05:00" level=info msg=NewConnection DisableClientMultiStatements=false connectionID=1
time="2026-03-02T10:44:00-05:00" level=info msg=ConnectionClosed connectionID=1
time="2026-03-02T10:44:00-05:00" level=info msg=NewConnection DisableClientMultiStatements=false connectionID=2
time="2026-03-02T10:44:00-05:00" level=info msg=ConnectionClosed connectionID=2
time="2026-03-02T10:44:00-05:00" level=info msg=NewConnection DisableClientMultiStatements=false connectionID=3
time="2026-03-02T10:44:00-05:00" level=info msg=NewConnection DisableClientMultiStatements=false connectionID=4
time="2026-03-02T10:44:00-05:00" level=info msg=ConnectionClosed connectionID=3
time="2026-03-02T10:44:00-05:00" level=warning msg="error running query" connectTime="2026-03-02 10:44:00.991992 -0500 EST m=+0.559245626" connectionDb=journalism_atlas connectionID=4 error="table not found: config" queryTime="2026-03-02 10:44:00.992782 -0500 EST m=+0.560036459"
time="2026-03-02T10:44:01-05:00" level=warning msg="error running query" connectTime="2026-03-02 10:44:00.991992 -0500 EST m=+0.559245626" connectionDb=journalism_atlas connectionID=4 error="Duplicate key name 'idx_issues_issue_type'" queryTime="2026-03-02 10:44:01.077778 -0500 EST m=+0.645032209"
time="2026-03-02T10:44:01-05:00" level=warning msg="error running query" connectTime="2026-03-02 10:44:00.991992 -0500 EST m=+0.559245626" connectionDb=journalism_atlas connectionID=4 error="foreign key `fk_dep_depends_on` was not found on the table `dependencies`" queryTime="2026-03-02 10:44:01.078087 -0500 EST m=+0.645340709"
time="2026-03-02T10:44:01-05:00" level=info msg=ConnectionClosed connectionID=4
time="2026-03-02T10:44:01-05:00" level=info msg=NewConnection DisableClientMultiStatements=false connectionID=5
time="2026-03-02T10:44:01-05:00" level=info msg=ConnectionClosed connectionID=5
time="2026-03-02T10:44:01-05:00" level=info msg=NewConnection DisableClientMultiStatements=false connectionID=6
time="2026-03-02T10:44:01-05:00" level=info msg=NewConnection DisableClientMultiStatements=false connectionID=7
time="2026-03-02T10:44:01-05:00" level=info msg=ConnectionClosed connectionID=6
time="2026-03-02T10:44:01-05:00" level=info msg=ConnectionClosed connectionID=7
time="2026-03-02T10:44:01-05:00" level=info msg=NewConnection DisableClientMultiStatements=false connectionID=8
time="2026-03-02T10:44:01-05:00" level=info msg=ConnectionClosed connectionID=8
time="2026-03-02T10:44:01-05:00" level=info msg=NewConnection DisableClientMultiStatements=false connectionID=9
time="2026-03-02T10:44:01-05:00" level=info msg=NewConnection DisableClientMultiStatements=false connectionID=10
time="2026-03-02T10:44:01-05:00" level=info msg=ConnectionClosed connectionID=9
time="2026-03-02T10:44:01-05:00" level=info msg=ConnectionClosed connectionID=10
time="2026-03-02T10:44:01-05:00" level=info msg=NewConnection DisableClientMultiStatements=false connectionID=11
time="2026-03-02T10:44:01-05:00" level=info msg=ConnectionClosed connectionID=11
time="2026-03-02T10:44:01-05:00" level=info msg=NewConnection DisableClientMultiStatements=false connectionID=12
time="2026-03-02T10:44:01-05:00" level=info msg=NewConnection DisableClientMultiStatements=false connectionID=13
time="2026-03-02T10:44:01-05:00" level=info msg=ConnectionClosed connectionID=12
time="2026-03-02T10:44:01-05:00" level=info msg=ConnectionClosed connectionID=13
time="2026-03-02T10:44:01-05:00" level=info msg=NewConnection DisableClientMultiStatements=false connectionID=14
time="2026-03-02T10:44:01-05:00" level=info msg=ConnectionClosed connectionID=14
time="2026-03-02T10:44:01-05:00" level=info msg=NewConnection DisableClientMultiStatements=false connectionID=15
time="2026-03-02T10:44:01-05:00" level=info msg=NewConnection DisableClientMultiStatements=false connectionID=16
time="2026-03-02T10:44:01-05:00" level=info msg=ConnectionClosed connectionID=15
time="2026-03-02T10:44:01-05:00" level=info msg=ConnectionClosed connectionID=16
time="2026-03-02T10:44:01-05:00" level=info msg=NewConnection DisableClientMultiStatements=false connectionID=17
time="2026-03-02T10:44:01-05:00" level=info msg=ConnectionClosed connectionID=17
time="2026-03-02T10:44:01-05:00" level=info msg=NewConnection DisableClientMultiStatements=false connectionID=18
time="2026-03-02T10:44:01-05:00" level=info msg=NewConnection DisableClientMultiStatements=false connectionID=19
time="2026-03-02T10:44:01-05:00" level=info msg=ConnectionClosed connectionID=18
time="2026-03-02T10:44:01-05:00" level=info msg=ConnectionClosed connectionID=19
time="2026-03-02T10:44:01-05:00" level=info msg=NewConnection DisableClientMultiStatements=false connectionID=20
time="2026-03-02T10:44:01-05:00" level=info msg=ConnectionClosed connectionID=20
time="2026-03-02T10:44:01-05:00" level=info msg=NewConnection DisableClientMultiStatements=false connectionID=21
time="2026-03-02T10:44:01-05:00" level=info msg=ConnectionClosed connectionID=21
time="2026-03-02T10:49:04-05:00" level=info msg=NewConnection DisableClientMultiStatements=false connectionID=23
time="2026-03-02T10:49:04-05:00" level=info msg=NewConnection DisableClientMultiStatements=false connectionID=22
time="2026-03-02T10:49:04-05:00" level=info msg=ConnectionClosed connectionID=22
time="2026-03-02T10:49:04-05:00" level=info msg=NewConnection DisableClientMultiStatements=false connectionID=24
time="2026-03-02T10:49:04-05:00" level=info msg=ConnectionClosed connectionID=23
time="2026-03-02T10:49:04-05:00" level=info msg=NewConnection DisableClientMultiStatements=false connectionID=25
time="2026-03-02T10:49:04-05:00" level=info msg=ConnectionClosed connectionID=25
time="2026-03-02T10:49:04-05:00" level=info msg=NewConnection DisableClientMultiStatements=false connectionID=26
time="2026-03-02T10:49:04-05:00" level=info msg=NewConnection DisableClientMultiStatements=false connectionID=27
time="2026-03-02T10:49:04-05:00" level=info msg=ConnectionClosed connectionID=26
time="2026-03-02T10:49:04-05:00" level=info msg=ConnectionClosed connectionID=27
time="2026-03-02T10:49:04-05:00" level=info msg=NewConnection DisableClientMultiStatements=false connectionID=28
time="2026-03-02T10:49:04-05:00" level=info msg=ConnectionClosed connectionID=28
time="2026-03-02T10:49:04-05:00" level=info msg=NewConnection DisableClientMultiStatements=false connectionID=29
time="2026-03-02T10:49:04-05:00" level=info msg=NewConnection DisableClientMultiStatements=false connectionID=30
time="2026-03-02T10:49:04-05:00" level=info msg=ConnectionClosed connectionID=29
time="2026-03-02T10:49:04-05:00" level=info msg=ConnectionClosed connectionID=30
time="2026-03-02T10:49:04-05:00" level=info msg=ConnectionClosed connectionID=24
time="2026-03-02T10:49:04-05:00" level=info msg=NewConnection DisableClientMultiStatements=false connectionID=31
time="2026-03-02T10:49:04-05:00" level=info msg=ConnectionClosed connectionID=31
time="2026-03-02T10:49:04-05:00" level=info msg=NewConnection DisableClientMultiStatements=false connectionID=32
time="2026-03-02T10:49:04-05:00" level=info msg=NewConnection DisableClientMultiStatements=false connectionID=33
time="2026-03-02T10:49:04-05:00" level=info msg=ConnectionClosed connectionID=32
time="2026-03-02T10:49:04-05:00" level=info msg=ConnectionClosed connectionID=33
time="2026-03-02T10:51:51-05:00" level=info msg=NewConnection DisableClientMultiStatements=false connectionID=34
time="2026-03-02T10:51:51-05:00" level=info msg=NewConnection DisableClientMultiStatements=false connectionID=35
time="2026-03-02T10:51:51-05:00" level=info msg=ConnectionClosed connectionID=34
time="2026-03-02T10:51:51-05:00" level=info msg=NewConnection DisableClientMultiStatements=false connectionID=36
time="2026-03-02T10:51:51-05:00" level=info msg=ConnectionClosed connectionID=35
time="2026-03-02T10:51:51-05:00" level=info msg=ConnectionClosed connectionID=36
time="2026-03-02T11:14:43-05:00" level=info msg=NewConnection DisableClientMultiStatements=false connectionID=37
time="2026-03-02T11:14:43-05:00" level=info msg=ConnectionClosed connectionID=37
time="2026-03-02T11:14:43-05:00" level=info msg="Server closing listener. No longer accepting connections."
time="2026-03-02T11:14:43-05:00" level=info msg="stats stopped: context canceled"
Starting server with Config HP="127.0.0.1:13983"|T="28800000"|R="false"|L="info"
time="2026-03-02T13:27:13-05:00" level=info msg="Server ready. Accepting connections."
time="2026-03-02T13:27:13-05:00" level=warning msg="secure_file_priv is set to \"\", which is insecure."
time="2026-03-02T13:27:13-05:00" level=warning msg="Any user with GRANT FILE privileges will be able to read any file which the sql-server process can read."
time="2026-03-02T13:27:13-05:00" level=warning msg="Please consider restarting the server with secure_file_priv set to a safe (or non-existent) directory."
time="2026-03-02T13:27:14-05:00" level=info msg=NewConnection DisableClientMultiStatements=false connectionID=1
time="2026-03-02T13:27:14-05:00" level=info msg=ConnectionClosed connectionID=1
time="2026-03-02T13:27:14-05:00" level=info msg=NewConnection DisableClientMultiStatements=false connectionID=2
time="2026-03-02T13:27:14-05:00" level=info msg=ConnectionClosed connectionID=2
time="2026-03-02T13:27:14-05:00" level=info msg=NewConnection DisableClientMultiStatements=false connectionID=3
time="2026-03-02T13:27:14-05:00" level=info msg=NewConnection DisableClientMultiStatements=false connectionID=4
time="2026-03-02T13:27:14-05:00" level=info msg=ConnectionClosed connectionID=3
time="2026-03-02T13:27:14-05:00" level=info msg=ConnectionClosed connectionID=4
time="2026-03-02T13:27:14-05:00" level=info msg=NewConnection DisableClientMultiStatements=false connectionID=5
time="2026-03-02T13:27:14-05:00" level=info msg=ConnectionClosed connectionID=5
time="2026-03-02T13:27:14-05:00" level=info msg=NewConnection DisableClientMultiStatements=false connectionID=6
time="2026-03-02T13:27:14-05:00" level=info msg=NewConnection DisableClientMultiStatements=false connectionID=7
time="2026-03-02T13:27:14-05:00" level=info msg=ConnectionClosed connectionID=6
time="2026-03-02T13:27:14-05:00" level=info msg=ConnectionClosed connectionID=7
time="2026-03-02T13:27:16-05:00" level=info msg=NewConnection DisableClientMultiStatements=false connectionID=8
time="2026-03-02T13:27:16-05:00" level=info msg=ConnectionClosed connectionID=8
time="2026-03-02T13:27:16-05:00" level=info msg=NewConnection DisableClientMultiStatements=false connectionID=9
time="2026-03-02T13:27:16-05:00" level=info msg=NewConnection DisableClientMultiStatements=false connectionID=10
time="2026-03-02T13:27:16-05:00" level=info msg=ConnectionClosed connectionID=9
time="2026-03-02T13:27:16-05:00" level=info msg=ConnectionClosed connectionID=10
time="2026-03-02T13:57:15-05:00" level=info msg=NewConnection DisableClientMultiStatements=false connectionID=11
time="2026-03-02T13:57:15-05:00" level=info msg="Server closing listener. No longer accepting connections."
time="2026-03-02T13:57:15-05:00" level=info msg=ConnectionClosed connectionID=11
time="2026-03-02T13:57:15-05:00" level=info msg="stats stopped: context canceled"
Starting server with Config HP="127.0.0.1:13983"|T="28800000"|R="false"|L="info"
time="2026-03-02T14:15:54-05:00" level=info msg="Server ready. Accepting connections."
time="2026-03-02T14:15:54-05:00" level=warning msg="secure_file_priv is set to \"\", which is insecure."
time="2026-03-02T14:15:54-05:00" level=warning msg="Any user with GRANT FILE privileges will be able to read any file which the sql-server process can read."
time="2026-03-02T14:15:54-05:00" level=warning msg="Please consider restarting the server with secure_file_priv set to a safe (or non-existent) directory."
time="2026-03-02T14:15:54-05:00" level=info msg=NewConnection DisableClientMultiStatements=false connectionID=1
time="2026-03-02T14:15:54-05:00" level=info msg=ConnectionClosed connectionID=1
time="2026-03-02T14:15:54-05:00" level=info msg=NewConnection DisableClientMultiStatements=false connectionID=2
time="2026-03-02T14:15:54-05:00" level=info msg=ConnectionClosed connectionID=2
time="2026-03-02T14:15:54-05:00" level=info msg=NewConnection DisableClientMultiStatements=false connectionID=3
time="2026-03-02T14:15:54-05:00" level=info msg=NewConnection DisableClientMultiStatements=false connectionID=4
time="2026-03-02T14:15:54-05:00" level=info msg=ConnectionClosed connectionID=3
time="2026-03-02T14:15:54-05:00" level=info msg=ConnectionClosed connectionID=4
time="2026-03-02T14:15:54-05:00" level=info msg=NewConnection DisableClientMultiStatements=false connectionID=5
time="2026-03-02T14:15:54-05:00" level=info msg=ConnectionClosed connectionID=5
time="2026-03-02T14:15:54-05:00" level=info msg=NewConnection DisableClientMultiStatements=false connectionID=6
time="2026-03-02T14:15:54-05:00" level=info msg=NewConnection DisableClientMultiStatements=false connectionID=7
time="2026-03-02T14:15:54-05:00" level=info msg=ConnectionClosed connectionID=6
time="2026-03-02T14:15:54-05:00" level=info msg=ConnectionClosed connectionID=7
time="2026-03-02T14:15:57-05:00" level=info msg=NewConnection DisableClientMultiStatements=false connectionID=8
time="2026-03-02T14:15:57-05:00" level=info msg=ConnectionClosed connectionID=8
time="2026-03-02T14:15:57-05:00" level=info msg=NewConnection DisableClientMultiStatements=false connectionID=9
time="2026-03-02T14:15:57-05:00" level=info msg=NewConnection DisableClientMultiStatements=false connectionID=10
time="2026-03-02T14:15:57-05:00" level=info msg=ConnectionClosed connectionID=9
time="2026-03-02T14:15:57-05:00" level=info msg=ConnectionClosed connectionID=10
time="2026-03-02T14:45:55-05:00" level=info msg=NewConnection DisableClientMultiStatements=false connectionID=11
time="2026-03-02T14:45:55-05:00" level=info msg=ConnectionClosed connectionID=11
time="2026-03-02T14:45:55-05:00" level=info msg="Server closing listener. No longer accepting connections."
time="2026-03-02T14:45:55-05:00" level=info msg="stats stopped: context canceled"
Starting server with Config HP="127.0.0.1:13983"|T="28800000"|R="false"|L="info"
time="2026-03-03T13:13:16-05:00" level=info msg="Server ready. Accepting connections."
time="2026-03-03T13:13:16-05:00" level=warning msg="secure_file_priv is set to \"\", which is insecure."
time="2026-03-03T13:13:16-05:00" level=warning msg="Any user with GRANT FILE privileges will be able to read any file which the sql-server process can read."
time="2026-03-03T13:13:16-05:00" level=warning msg="Please consider restarting the server with secure_file_priv set to a safe (or non-existent) directory."
time="2026-03-03T13:13:16-05:00" level=info msg=NewConnection DisableClientMultiStatements=false connectionID=1
time="2026-03-03T13:13:16-05:00" level=info msg=ConnectionClosed connectionID=1
time="2026-03-03T13:13:16-05:00" level=info msg=NewConnection DisableClientMultiStatements=false connectionID=2
time="2026-03-03T13:13:16-05:00" level=info msg=ConnectionClosed connectionID=2
time="2026-03-03T13:13:16-05:00" level=info msg=NewConnection DisableClientMultiStatements=false connectionID=3
time="2026-03-03T13:13:16-05:00" level=info msg=NewConnection DisableClientMultiStatements=false connectionID=4
time="2026-03-03T13:13:16-05:00" level=info msg=ConnectionClosed connectionID=3
time="2026-03-03T13:13:16-05:00" level=info msg=ConnectionClosed connectionID=4
time="2026-03-03T13:13:16-05:00" level=info msg=NewConnection DisableClientMultiStatements=false connectionID=5
time="2026-03-03T13:13:16-05:00" level=info msg=ConnectionClosed connectionID=5
time="2026-03-03T13:13:17-05:00" level=info msg=NewConnection DisableClientMultiStatements=false connectionID=6
time="2026-03-03T13:13:17-05:00" level=info msg=NewConnection DisableClientMultiStatements=false connectionID=7
time="2026-03-03T13:13:17-05:00" level=info msg=ConnectionClosed connectionID=6
time="2026-03-03T13:13:17-05:00" level=info msg=ConnectionClosed connectionID=7
time="2026-03-03T13:13:27-05:00" level=info msg=NewConnection DisableClientMultiStatements=false connectionID=8
time="2026-03-03T13:13:27-05:00" level=info msg=NewConnection DisableClientMultiStatements=false connectionID=9
time="2026-03-03T13:13:27-05:00" level=info msg=ConnectionClosed connectionID=8
time="2026-03-03T13:13:27-05:00" level=info msg=NewConnection DisableClientMultiStatements=false connectionID=10
time="2026-03-03T13:13:27-05:00" level=info msg=ConnectionClosed connectionID=9
time="2026-03-03T13:13:27-05:00" level=info msg=ConnectionClosed connectionID=10
time="2026-03-03T13:29:48-05:00" level=info msg=NewConnection DisableClientMultiStatements=false connectionID=11
time="2026-03-03T13:29:48-05:00" level=info msg=NewConnection DisableClientMultiStatements=false connectionID=12
time="2026-03-03T13:29:48-05:00" level=info msg=ConnectionClosed connectionID=11
time="2026-03-03T13:29:48-05:00" level=info msg=NewConnection DisableClientMultiStatements=false connectionID=13
time="2026-03-03T13:29:48-05:00" level=info msg=ConnectionClosed connectionID=12
time="2026-03-03T13:29:48-05:00" level=info msg=ConnectionClosed connectionID=13
time="2026-03-03T13:29:48-05:00" level=info msg=NewConnection DisableClientMultiStatements=false connectionID=14
time="2026-03-03T13:29:48-05:00" level=info msg=ConnectionClosed connectionID=14
time="2026-03-03T13:29:48-05:00" level=info msg=NewConnection DisableClientMultiStatements=false connectionID=15
time="2026-03-03T13:29:48-05:00" level=info msg=NewConnection DisableClientMultiStatements=false connectionID=16
time="2026-03-03T13:29:48-05:00" level=info msg=ConnectionClosed connectionID=15
time="2026-03-03T13:29:48-05:00" level=info msg=ConnectionClosed connectionID=16
time="2026-03-03T13:29:50-05:00" level=info msg=NewConnection DisableClientMultiStatements=false connectionID=17
time="2026-03-03T13:29:50-05:00" level=info msg=ConnectionClosed connectionID=17
time="2026-03-03T13:29:50-05:00" level=info msg=NewConnection DisableClientMultiStatements=false connectionID=18
time="2026-03-03T13:29:50-05:00" level=info msg=NewConnection DisableClientMultiStatements=false connectionID=19
time="2026-03-03T13:29:50-05:00" level=info msg=ConnectionClosed connectionID=18
time="2026-03-03T13:29:50-05:00" level=info msg=ConnectionClosed connectionID=19
time="2026-03-03T13:37:02-05:00" level=info msg=NewConnection DisableClientMultiStatements=false connectionID=20
time="2026-03-03T13:37:02-05:00" level=info msg=NewConnection DisableClientMultiStatements=false connectionID=21
time="2026-03-03T13:37:02-05:00" level=info msg=ConnectionClosed connectionID=20
time="2026-03-03T13:37:02-05:00" level=info msg=NewConnection DisableClientMultiStatements=false connectionID=22
time="2026-03-03T13:37:02-05:00" level=info msg=ConnectionClosed connectionID=21
time="2026-03-03T13:37:02-05:00" level=info msg=ConnectionClosed connectionID=22
time="2026-03-03T13:37:02-05:00" level=info msg=NewConnection DisableClientMultiStatements=false connectionID=23
time="2026-03-03T13:37:02-05:00" level=info msg=ConnectionClosed connectionID=23
time="2026-03-03T13:37:02-05:00" level=info msg=NewConnection DisableClientMultiStatements=false connectionID=24
time="2026-03-03T13:37:02-05:00" level=info msg=NewConnection DisableClientMultiStatements=false connectionID=25
time="2026-03-03T13:37:02-05:00" level=info msg=ConnectionClosed connectionID=24
time="2026-03-03T13:37:02-05:00" level=info msg=ConnectionClosed connectionID=25
time="2026-03-03T13:37:04-05:00" level=info msg=NewConnection DisableClientMultiStatements=false connectionID=26
time="2026-03-03T13:37:04-05:00" level=info msg=ConnectionClosed connectionID=26
time="2026-03-03T13:37:04-05:00" level=info msg=NewConnection DisableClientMultiStatements=false connectionID=27
time="2026-03-03T13:37:04-05:00" level=info msg=NewConnection DisableClientMultiStatements=false connectionID=28
time="2026-03-03T13:37:04-05:00" level=info msg=ConnectionClosed connectionID=27
time="2026-03-03T13:37:04-05:00" level=info msg=ConnectionClosed connectionID=28
time="2026-03-03T13:43:18-05:00" level=info msg=NewConnection DisableClientMultiStatements=false connectionID=29
time="2026-03-03T13:43:18-05:00" level=info msg=ConnectionClosed connectionID=29
time="2026-03-03T13:43:18-05:00" level=info msg="Server closing listener. No longer accepting connections."
time="2026-03-03T13:43:18-05:00" level=info msg="stats stopped: context canceled"
Starting server with Config HP="127.0.0.1:13983"|T="28800000"|R="false"|L="info"
time="2026-03-03T14:33:37-05:00" level=info msg="Server ready. Accepting connections."
time="2026-03-03T14:33:37-05:00" level=warning msg="secure_file_priv is set to \"\", which is insecure."
time="2026-03-03T14:33:37-05:00" level=warning msg="Any user with GRANT FILE privileges will be able to read any file which the sql-server process can read."
time="2026-03-03T14:33:37-05:00" level=warning msg="Please consider restarting the server with secure_file_priv set to a safe (or non-existent) directory."
time="2026-03-03T14:33:38-05:00" level=info msg=NewConnection DisableClientMultiStatements=false connectionID=1
time="2026-03-03T14:33:38-05:00" level=info msg=ConnectionClosed connectionID=1
time="2026-03-03T14:33:38-05:00" level=info msg=NewConnection DisableClientMultiStatements=false connectionID=2
time="2026-03-03T14:33:38-05:00" level=info msg=ConnectionClosed connectionID=2
time="2026-03-03T14:33:38-05:00" level=info msg=NewConnection DisableClientMultiStatements=false connectionID=3
time="2026-03-03T14:33:38-05:00" level=info msg=NewConnection DisableClientMultiStatements=false connectionID=4
time="2026-03-03T14:33:38-05:00" level=info msg=ConnectionClosed connectionID=3
time="2026-03-03T14:33:38-05:00" level=info msg=ConnectionClosed connectionID=4
time="2026-03-03T14:33:38-05:00" level=info msg=NewConnection DisableClientMultiStatements=false connectionID=5
time="2026-03-03T14:33:38-05:00" level=info msg=ConnectionClosed connectionID=5
time="2026-03-03T14:33:38-05:00" level=info msg=NewConnection DisableClientMultiStatements=false connectionID=6
time="2026-03-03T14:33:38-05:00" level=info msg=NewConnection DisableClientMultiStatements=false connectionID=7
time="2026-03-03T14:33:38-05:00" level=info msg=ConnectionClosed connectionID=6
time="2026-03-03T14:33:38-05:00" level=info msg=ConnectionClosed connectionID=7
time="2026-03-03T14:36:38-05:00" level=info msg=NewConnection DisableClientMultiStatements=false connectionID=8
time="2026-03-03T14:36:38-05:00" level=info msg=ConnectionClosed connectionID=8
time="2026-03-03T14:36:38-05:00" level=info msg=NewConnection DisableClientMultiStatements=false connectionID=9
time="2026-03-03T14:36:38-05:00" level=info msg=NewConnection DisableClientMultiStatements=false connectionID=10
time="2026-03-03T14:36:38-05:00" level=info msg=ConnectionClosed connectionID=9
time="2026-03-03T14:36:38-05:00" level=info msg=ConnectionClosed connectionID=10
time="2026-03-03T14:36:38-05:00" level=info msg=NewConnection DisableClientMultiStatements=false connectionID=11
time="2026-03-03T14:36:38-05:00" level=info msg=ConnectionClosed connectionID=11
time="2026-03-03T14:36:38-05:00" level=info msg=NewConnection DisableClientMultiStatements=false connectionID=12
time="2026-03-03T14:36:38-05:00" level=info msg=NewConnection DisableClientMultiStatements=false connectionID=13
time="2026-03-03T14:36:38-05:00" level=info msg=ConnectionClosed connectionID=12
time="2026-03-03T14:36:38-05:00" level=info msg=ConnectionClosed connectionID=13
time="2026-03-03T14:48:40-05:00" level=info msg=NewConnection DisableClientMultiStatements=false connectionID=15
time="2026-03-03T14:48:40-05:00" level=info msg=NewConnection DisableClientMultiStatements=false connectionID=14
time="2026-03-03T14:48:40-05:00" level=info msg=ConnectionClosed connectionID=14
time="2026-03-03T14:48:40-05:00" level=info msg=NewConnection DisableClientMultiStatements=false connectionID=16
time="2026-03-03T14:48:40-05:00" level=info msg=ConnectionClosed connectionID=15
time="2026-03-03T14:48:40-05:00" level=info msg=ConnectionClosed connectionID=16
time="2026-03-03T14:51:36-05:00" level=info msg=NewConnection DisableClientMultiStatements=false connectionID=17
time="2026-03-03T14:51:36-05:00" level=info msg=ConnectionClosed connectionID=17
time="2026-03-03T14:51:36-05:00" level=info msg=NewConnection DisableClientMultiStatements=false connectionID=18
time="2026-03-03T14:51:36-05:00" level=info msg=NewConnection DisableClientMultiStatements=false connectionID=19
time="2026-03-03T14:51:36-05:00" level=info msg=ConnectionClosed connectionID=18
time="2026-03-03T14:51:36-05:00" level=info msg=ConnectionClosed connectionID=19
time="2026-03-03T14:51:36-05:00" level=info msg=NewConnection DisableClientMultiStatements=false connectionID=20
time="2026-03-03T14:51:36-05:00" level=info msg=ConnectionClosed connectionID=20
time="2026-03-03T14:51:36-05:00" level=info msg=NewConnection DisableClientMultiStatements=false connectionID=21
time="2026-03-03T14:51:36-05:00" level=info msg=NewConnection DisableClientMultiStatements=false connectionID=22
time="2026-03-03T14:51:36-05:00" level=info msg=ConnectionClosed connectionID=21
time="2026-03-03T14:51:36-05:00" level=info msg=ConnectionClosed connectionID=22
time="2026-03-03T14:51:37-05:00" level=info msg=NewConnection DisableClientMultiStatements=false connectionID=23
time="2026-03-03T14:51:37-05:00" level=info msg=ConnectionClosed connectionID=23
time="2026-03-03T14:51:37-05:00" level=info msg=NewConnection DisableClientMultiStatements=false connectionID=24
time="2026-03-03T14:51:37-05:00" level=info msg=NewConnection DisableClientMultiStatements=false connectionID=25
time="2026-03-03T14:51:37-05:00" level=info msg=ConnectionClosed connectionID=24
time="2026-03-03T14:51:37-05:00" level=info msg=ConnectionClosed connectionID=25
time="2026-03-03T15:03:39-05:00" level=info msg=NewConnection DisableClientMultiStatements=false connectionID=26
time="2026-03-03T15:03:39-05:00" level=info msg=ConnectionClosed connectionID=26
time="2026-03-03T15:03:39-05:00" level=info msg="Server closing listener. No longer accepting connections."
time="2026-03-03T15:03:39-05:00" level=info msg="stats stopped: context canceled"
Starting server with Config HP="127.0.0.1:13983"|T="28800000"|R="false"|L="info"
time="2026-03-03T15:20:39-05:00" level=info msg="Server ready. Accepting connections."
time="2026-03-03T15:20:39-05:00" level=warning msg="secure_file_priv is set to \"\", which is insecure."
time="2026-03-03T15:20:39-05:00" level=warning msg="Any user with GRANT FILE privileges will be able to read any file which the sql-server process can read."
time="2026-03-03T15:20:39-05:00" level=warning msg="Please consider restarting the server with secure_file_priv set to a safe (or non-existent) directory."
time="2026-03-03T15:20:40-05:00" level=info msg=NewConnection DisableClientMultiStatements=false connectionID=1
time="2026-03-03T15:20:40-05:00" level=info msg=ConnectionClosed connectionID=1
time="2026-03-03T15:20:40-05:00" level=info msg=NewConnection DisableClientMultiStatements=false connectionID=2
time="2026-03-03T15:20:40-05:00" level=info msg=ConnectionClosed connectionID=2
time="2026-03-03T15:20:40-05:00" level=info msg=NewConnection DisableClientMultiStatements=false connectionID=3
time="2026-03-03T15:20:40-05:00" level=info msg=NewConnection DisableClientMultiStatements=false connectionID=4
time="2026-03-03T15:20:40-05:00" level=info msg=ConnectionClosed connectionID=3
time="2026-03-03T15:20:40-05:00" level=info msg=ConnectionClosed connectionID=4
time="2026-03-03T15:20:40-05:00" level=info msg=NewConnection DisableClientMultiStatements=false connectionID=5
time="2026-03-03T15:20:40-05:00" level=info msg=ConnectionClosed connectionID=5
time="2026-03-03T15:20:40-05:00" level=info msg=NewConnection DisableClientMultiStatements=false connectionID=6
time="2026-03-03T15:20:40-05:00" level=info msg=NewConnection DisableClientMultiStatements=false connectionID=7
time="2026-03-03T15:20:40-05:00" level=info msg=ConnectionClosed connectionID=6
time="2026-03-03T15:20:40-05:00" level=info msg=ConnectionClosed connectionID=7
time="2026-03-03T15:50:41-05:00" level=info msg=NewConnection DisableClientMultiStatements=false connectionID=8
time="2026-03-03T15:50:41-05:00" level=info msg=ConnectionClosed connectionID=8
time="2026-03-03T15:50:41-05:00" level=info msg="Server closing listener. No longer accepting connections."
time="2026-03-03T15:50:41-05:00" level=info msg="stats stopped: context canceled"
Starting server with Config HP="127.0.0.1:13983"|T="28800000"|R="false"|L="info"
time="2026-03-03T23:34:21-05:00" level=info msg="Server ready. Accepting connections."
time="2026-03-03T23:34:21-05:00" level=warning msg="secure_file_priv is set to \"\", which is insecure."
time="2026-03-03T23:34:21-05:00" level=warning msg="Any user with GRANT FILE privileges will be able to read any file which the sql-server process can read."
time="2026-03-03T23:34:21-05:00" level=warning msg="Please consider restarting the server with secure_file_priv set to a safe (or non-existent) directory."
time="2026-03-03T23:34:22-05:00" level=info msg=NewConnection DisableClientMultiStatements=false connectionID=1
time="2026-03-03T23:34:22-05:00" level=info msg=ConnectionClosed connectionID=1
time="2026-03-03T23:34:22-05:00" level=info msg=NewConnection DisableClientMultiStatements=false connectionID=2
time="2026-03-03T23:34:22-05:00" level=info msg=ConnectionClosed connectionID=2
time="2026-03-03T23:34:22-05:00" level=info msg=NewConnection DisableClientMultiStatements=false connectionID=3
time="2026-03-03T23:34:22-05:00" level=info msg=NewConnection DisableClientMultiStatements=false connectionID=4
time="2026-03-03T23:34:22-05:00" level=info msg=ConnectionClosed connectionID=3
time="2026-03-03T23:34:22-05:00" level=info msg=ConnectionClosed connectionID=4
time="2026-03-03T23:34:22-05:00" level=info msg=NewConnection DisableClientMultiStatements=false connectionID=5
time="2026-03-03T23:34:22-05:00" level=info msg=ConnectionClosed connectionID=5
time="2026-03-03T23:34:22-05:00" level=info msg=NewConnection DisableClientMultiStatements=false connectionID=6
time="2026-03-03T23:34:22-05:00" level=info msg=NewConnection DisableClientMultiStatements=false connectionID=7
time="2026-03-03T23:34:22-05:00" level=info msg=ConnectionClosed connectionID=6
time="2026-03-03T23:34:22-05:00" level=info msg=ConnectionClosed connectionID=7
time="2026-03-03T23:34:24-05:00" level=info msg=NewConnection DisableClientMultiStatements=false connectionID=8
time="2026-03-03T23:34:24-05:00" level=info msg=ConnectionClosed connectionID=8
time="2026-03-03T23:34:24-05:00" level=info msg=NewConnection DisableClientMultiStatements=false connectionID=9
time="2026-03-03T23:34:24-05:00" level=info msg=NewConnection DisableClientMultiStatements=false connectionID=10
time="2026-03-03T23:34:24-05:00" level=info msg=ConnectionClosed connectionID=9
time="2026-03-03T23:34:24-05:00" level=info msg=ConnectionClosed connectionID=10
time="2026-03-04T00:06:15-05:00" level=info msg=NewConnection DisableClientMultiStatements=false connectionID=11
time="2026-03-04T00:06:15-05:00" level=info msg=ConnectionClosed connectionID=11
time="2026-03-04T00:06:15-05:00" level=info msg="Server closing listener. No longer accepting connections."
time="2026-03-04T00:06:15-05:00" level=info msg="stats stopped: context canceled"
Starting server with Config HP="127.0.0.1:13983"|T="28800000"|R="false"|L="info"
time="2026-03-04T02:22:55-05:00" level=info msg="Server ready. Accepting connections."
time="2026-03-04T02:22:55-05:00" level=warning msg="secure_file_priv is set to \"\", which is insecure."
time="2026-03-04T02:22:55-05:00" level=warning msg="Any user with GRANT FILE privileges will be able to read any file which the sql-server process can read."
time="2026-03-04T02:22:55-05:00" level=warning msg="Please consider restarting the server with secure_file_priv set to a safe (or non-existent) directory."
time="2026-03-04T02:22:56-05:00" level=info msg=NewConnection DisableClientMultiStatements=false connectionID=1
time="2026-03-04T02:22:56-05:00" level=info msg=ConnectionClosed connectionID=1
time="2026-03-04T02:22:56-05:00" level=info msg=NewConnection DisableClientMultiStatements=false connectionID=2
time="2026-03-04T02:22:56-05:00" level=info msg=ConnectionClosed connectionID=2
time="2026-03-04T02:22:56-05:00" level=info msg=NewConnection DisableClientMultiStatements=false connectionID=3
time="2026-03-04T02:22:56-05:00" level=info msg=NewConnection DisableClientMultiStatements=false connectionID=4
time="2026-03-04T02:22:56-05:00" level=info msg=ConnectionClosed connectionID=3
time="2026-03-04T02:22:56-05:00" level=info msg=ConnectionClosed connectionID=4
time="2026-03-04T02:22:56-05:00" level=info msg=NewConnection DisableClientMultiStatements=false connectionID=5
time="2026-03-04T02:22:56-05:00" level=info msg=ConnectionClosed connectionID=5
time="2026-03-04T02:22:56-05:00" level=info msg=NewConnection DisableClientMultiStatements=false connectionID=6
time="2026-03-04T02:22:56-05:00" level=info msg=NewConnection DisableClientMultiStatements=false connectionID=7
time="2026-03-04T02:22:56-05:00" level=info msg=ConnectionClosed connectionID=6
time="2026-03-04T02:22:56-05:00" level=info msg=ConnectionClosed connectionID=7
time="2026-03-04T02:22:59-05:00" level=info msg=NewConnection DisableClientMultiStatements=false connectionID=8
time="2026-03-04T02:22:59-05:00" level=info msg=ConnectionClosed connectionID=8
time="2026-03-04T02:22:59-05:00" level=info msg=NewConnection DisableClientMultiStatements=false connectionID=9
time="2026-03-04T02:22:59-05:00" level=info msg=NewConnection DisableClientMultiStatements=false connectionID=10
time="2026-03-04T02:22:59-05:00" level=info msg=ConnectionClosed connectionID=9
time="2026-03-04T02:22:59-05:00" level=info msg=ConnectionClosed connectionID=10
time="2026-03-04T02:47:44-05:00" level=info msg=NewConnection DisableClientMultiStatements=false connectionID=11
time="2026-03-04T02:47:44-05:00" level=info msg=NewConnection DisableClientMultiStatements=false connectionID=12
time="2026-03-04T02:47:44-05:00" level=info msg=ConnectionClosed connectionID=11
time="2026-03-04T02:47:44-05:00" level=info msg=NewConnection DisableClientMultiStatements=false connectionID=13
time="2026-03-04T02:47:44-05:00" level=info msg=ConnectionClosed connectionID=12
time="2026-03-04T02:47:44-05:00" level=info msg=ConnectionClosed connectionID=13
time="2026-03-04T02:47:44-05:00" level=info msg=NewConnection DisableClientMultiStatements=false connectionID=14
time="2026-03-04T02:47:44-05:00" level=info msg=ConnectionClosed connectionID=14
time="2026-03-04T02:47:44-05:00" level=info msg=NewConnection DisableClientMultiStatements=false connectionID=15
time="2026-03-04T02:47:44-05:00" level=info msg=NewConnection DisableClientMultiStatements=false connectionID=16
time="2026-03-04T02:47:44-05:00" level=info msg=ConnectionClosed connectionID=15
time="2026-03-04T02:47:44-05:00" level=info msg=ConnectionClosed connectionID=16
time="2026-03-04T02:47:46-05:00" level=info msg=NewConnection DisableClientMultiStatements=false connectionID=17
time="2026-03-04T02:47:46-05:00" level=info msg=ConnectionClosed connectionID=17
time="2026-03-04T02:47:46-05:00" level=info msg=NewConnection DisableClientMultiStatements=false connectionID=18
time="2026-03-04T02:47:46-05:00" level=info msg=NewConnection DisableClientMultiStatements=false connectionID=19
time="2026-03-04T02:47:46-05:00" level=info msg=ConnectionClosed connectionID=18
time="2026-03-04T02:47:46-05:00" level=info msg=ConnectionClosed connectionID=19
time="2026-03-04T04:29:24-05:00" level=info msg=NewConnection DisableClientMultiStatements=false connectionID=20
time="2026-03-04T04:29:24-05:00" level=info msg=ConnectionClosed connectionID=20
time="2026-03-04T04:29:24-05:00" level=info msg="Server closing listener. No longer accepting connections."
time="2026-03-04T04:29:24-05:00" level=info msg="stats stopped: context canceled"
Starting server with Config HP="127.0.0.1:13983"|T="28800000"|R="false"|L="info"
time="2026-03-04T08:16:31-05:00" level=info msg="Server ready. Accepting connections."
time="2026-03-04T08:16:31-05:00" level=warning msg="secure_file_priv is set to \"\", which is insecure."
time="2026-03-04T08:16:31-05:00" level=warning msg="Any user with GRANT FILE privileges will be able to read any file which the sql-server process can read."
time="2026-03-04T08:16:31-05:00" level=warning msg="Please consider restarting the server with secure_file_priv set to a safe (or non-existent) directory."
time="2026-03-04T08:16:32-05:00" level=info msg=NewConnection DisableClientMultiStatements=false connectionID=1
time="2026-03-04T08:16:32-05:00" level=info msg=ConnectionClosed connectionID=1
time="2026-03-04T08:16:32-05:00" level=info msg=NewConnection DisableClientMultiStatements=false connectionID=2
time="2026-03-04T08:16:32-05:00" level=info msg=ConnectionClosed connectionID=2
time="2026-03-04T08:16:32-05:00" level=info msg=NewConnection DisableClientMultiStatements=false connectionID=3
time="2026-03-04T08:16:32-05:00" level=info msg=NewConnection DisableClientMultiStatements=false connectionID=4
time="2026-03-04T08:16:32-05:00" level=info msg=ConnectionClosed connectionID=3
time="2026-03-04T08:16:32-05:00" level=info msg=ConnectionClosed connectionID=4
time="2026-03-04T08:16:32-05:00" level=info msg=NewConnection DisableClientMultiStatements=false connectionID=5
time="2026-03-04T08:16:32-05:00" level=info msg=ConnectionClosed connectionID=5
time="2026-03-04T08:16:32-05:00" level=info msg=NewConnection DisableClientMultiStatements=false connectionID=6
time="2026-03-04T08:16:32-05:00" level=info msg=NewConnection DisableClientMultiStatements=false connectionID=7
time="2026-03-04T08:16:32-05:00" level=info msg=ConnectionClosed connectionID=6
time="2026-03-04T08:16:32-05:00" level=info msg=ConnectionClosed connectionID=7
time="2026-03-04T08:46:33-05:00" level=info msg=NewConnection DisableClientMultiStatements=false connectionID=8
time="2026-03-04T08:46:33-05:00" level=info msg=ConnectionClosed connectionID=8
time="2026-03-04T08:46:33-05:00" level=info msg="Server closing listener. No longer accepting connections."
time="2026-03-04T08:46:33-05:00" level=info msg="stats stopped: context canceled"
Starting server with Config HP="127.0.0.1:13983"|T="28800000"|R="false"|L="info"
time="2026-03-04T11:24:33-05:00" level=info msg="Server ready. Accepting connections."
time="2026-03-04T11:24:33-05:00" level=warning msg="secure_file_priv is set to \"\", which is insecure."
time="2026-03-04T11:24:33-05:00" level=warning msg="Any user with GRANT FILE privileges will be able to read any file which the sql-server process can read."
time="2026-03-04T11:24:33-05:00" level=warning msg="Please consider restarting the server with secure_file_priv set to a safe (or non-existent) directory."
time="2026-03-04T11:24:34-05:00" level=info msg=NewConnection DisableClientMultiStatements=false connectionID=1
time="2026-03-04T11:24:34-05:00" level=info msg=ConnectionClosed connectionID=1
time="2026-03-04T11:24:34-05:00" level=info msg=NewConnection DisableClientMultiStatements=false connectionID=2
time="2026-03-04T11:24:34-05:00" level=info msg=ConnectionClosed connectionID=2
time="2026-03-04T11:24:34-05:00" level=info msg=NewConnection DisableClientMultiStatements=false connectionID=3
time="2026-03-04T11:24:34-05:00" level=info msg=NewConnection DisableClientMultiStatements=false connectionID=4
time="2026-03-04T11:24:34-05:00" level=info msg=ConnectionClosed connectionID=3
time="2026-03-04T11:24:34-05:00" level=info msg=ConnectionClosed connectionID=4
time="2026-03-04T11:24:34-05:00" level=info msg=NewConnection DisableClientMultiStatements=false connectionID=5
time="2026-03-04T11:24:34-05:00" level=info msg=ConnectionClosed connectionID=5
time="2026-03-04T11:24:34-05:00" level=info msg=NewConnection DisableClientMultiStatements=false connectionID=6
time="2026-03-04T11:24:34-05:00" level=info msg=NewConnection DisableClientMultiStatements=false connectionID=7
time="2026-03-04T11:24:34-05:00" level=info msg=ConnectionClosed connectionID=6
time="2026-03-04T11:24:34-05:00" level=info msg=ConnectionClosed connectionID=7
time="2026-03-04T11:44:46-05:00" level=info msg=NewConnection DisableClientMultiStatements=false connectionID=8
time="2026-03-04T11:44:46-05:00" level=info msg=ConnectionClosed connectionID=8
time="2026-03-04T11:44:46-05:00" level=info msg=NewConnection DisableClientMultiStatements=false connectionID=9
time="2026-03-04T11:44:46-05:00" level=info msg=NewConnection DisableClientMultiStatements=false connectionID=10
time="2026-03-04T11:44:46-05:00" level=info msg=ConnectionClosed connectionID=9
time="2026-03-04T11:44:46-05:00" level=info msg=ConnectionClosed connectionID=10
time="2026-03-04T11:44:46-05:00" level=info msg=NewConnection DisableClientMultiStatements=false connectionID=11
time="2026-03-04T11:44:46-05:00" level=info msg=ConnectionClosed connectionID=11
time="2026-03-04T11:44:46-05:00" level=info msg=NewConnection DisableClientMultiStatements=false connectionID=12
time="2026-03-04T11:44:46-05:00" level=info msg=NewConnection DisableClientMultiStatements=false connectionID=13
time="2026-03-04T11:44:46-05:00" level=info msg=ConnectionClosed connectionID=12
time="2026-03-04T11:44:46-05:00" level=info msg=ConnectionClosed connectionID=13
time="2026-03-04T11:44:48-05:00" level=info msg=NewConnection DisableClientMultiStatements=false connectionID=14
time="2026-03-04T11:44:48-05:00" level=info msg=ConnectionClosed connectionID=14
time="2026-03-04T11:44:48-05:00" level=info msg=NewConnection DisableClientMultiStatements=false connectionID=15
time="2026-03-04T11:44:48-05:00" level=info msg=NewConnection DisableClientMultiStatements=false connectionID=16
time="2026-03-04T11:44:48-05:00" level=info msg=ConnectionClosed connectionID=15
time="2026-03-04T11:44:48-05:00" level=info msg=ConnectionClosed connectionID=16
time="2026-03-04T11:51:38-05:00" level=info msg=NewConnection DisableClientMultiStatements=false connectionID=17
time="2026-03-04T11:51:38-05:00" level=info msg=ConnectionClosed connectionID=17
time="2026-03-04T11:51:38-05:00" level=info msg=NewConnection DisableClientMultiStatements=false connectionID=18
time="2026-03-04T11:51:38-05:00" level=info msg=NewConnection DisableClientMultiStatements=false connectionID=19
time="2026-03-04T11:51:38-05:00" level=info msg=ConnectionClosed connectionID=18
time="2026-03-04T11:51:38-05:00" level=info msg=ConnectionClosed connectionID=19
time="2026-03-04T11:51:38-05:00" level=info msg=NewConnection DisableClientMultiStatements=false connectionID=20
time="2026-03-04T11:51:38-05:00" level=info msg=ConnectionClosed connectionID=20
time="2026-03-04T11:51:38-05:00" level=info msg=NewConnection DisableClientMultiStatements=false connectionID=21
time="2026-03-04T11:51:38-05:00" level=info msg=NewConnection DisableClientMultiStatements=false connectionID=22
time="2026-03-04T11:51:38-05:00" level=info msg=ConnectionClosed connectionID=21
time="2026-03-04T11:51:38-05:00" level=info msg=ConnectionClosed connectionID=22
time="2026-03-04T11:54:35-05:00" level=info msg=NewConnection DisableClientMultiStatements=false connectionID=23
time="2026-03-04T11:54:35-05:00" level=info msg=ConnectionClosed connectionID=23
time="2026-03-04T11:54:35-05:00" level=info msg="Server closing listener. No longer accepting connections."
time="2026-03-04T11:54:35-05:00" level=info msg="stats stopped: context canceled"
Starting server with Config HP="127.0.0.1:13983"|T="28800000"|R="false"|L="info"
time="2026-03-04T15:11:49-05:00" level=info msg="Server ready. Accepting connections."
time="2026-03-04T15:11:49-05:00" level=warning msg="secure_file_priv is set to \"\", which is insecure."
time="2026-03-04T15:11:49-05:00" level=warning msg="Any user with GRANT FILE privileges will be able to read any file which the sql-server process can read."
time="2026-03-04T15:11:49-05:00" level=warning msg="Please consider restarting the server with secure_file_priv set to a safe (or non-existent) directory."
time="2026-03-04T15:11:49-05:00" level=info msg=NewConnection DisableClientMultiStatements=false connectionID=1
time="2026-03-04T15:11:49-05:00" level=info msg=ConnectionClosed connectionID=1
time="2026-03-04T15:11:49-05:00" level=info msg=NewConnection DisableClientMultiStatements=false connectionID=2
time="2026-03-04T15:11:49-05:00" level=info msg=ConnectionClosed connectionID=2
time="2026-03-04T15:11:49-05:00" level=info msg=NewConnection DisableClientMultiStatements=false connectionID=3
time="2026-03-04T15:11:49-05:00" level=info msg=NewConnection DisableClientMultiStatements=false connectionID=4
time="2026-03-04T15:11:49-05:00" level=info msg=ConnectionClosed connectionID=3
time="2026-03-04T15:11:49-05:00" level=info msg=ConnectionClosed connectionID=4
time="2026-03-04T15:11:49-05:00" level=info msg=NewConnection DisableClientMultiStatements=false connectionID=5
time="2026-03-04T15:11:49-05:00" level=info msg=ConnectionClosed connectionID=5
time="2026-03-04T15:11:49-05:00" level=info msg=NewConnection DisableClientMultiStatements=false connectionID=6
time="2026-03-04T15:11:49-05:00" level=info msg=NewConnection DisableClientMultiStatements=false connectionID=7
time="2026-03-04T15:11:49-05:00" level=info msg=ConnectionClosed connectionID=6
time="2026-03-04T15:11:50-05:00" level=info msg=ConnectionClosed connectionID=7
time="2026-03-04T15:41:51-05:00" level=info msg=NewConnection DisableClientMultiStatements=false connectionID=8
time="2026-03-04T15:41:51-05:00" level=info msg=ConnectionClosed connectionID=8
time="2026-03-04T15:41:51-05:00" level=info msg="Server closing listener. No longer accepting connections."
time="2026-03-04T15:41:51-05:00" level=info msg="stats stopped: context canceled"
Starting server with Config HP="127.0.0.1:13983"|T="28800000"|R="false"|L="info"
time="2026-03-04T15:59:06-05:00" level=info msg="Server ready. Accepting connections."
time="2026-03-04T15:59:06-05:00" level=warning msg="secure_file_priv is set to \"\", which is insecure."
time="2026-03-04T15:59:06-05:00" level=warning msg="Any user with GRANT FILE privileges will be able to read any file which the sql-server process can read."
time="2026-03-04T15:59:06-05:00" level=warning msg="Please consider restarting the server with secure_file_priv set to a safe (or non-existent) directory."
time="2026-03-04T15:59:06-05:00" level=info msg=NewConnection DisableClientMultiStatements=false connectionID=1
time="2026-03-04T15:59:06-05:00" level=info msg=ConnectionClosed connectionID=1
time="2026-03-04T15:59:06-05:00" level=info msg=NewConnection DisableClientMultiStatements=false connectionID=2
time="2026-03-04T15:59:06-05:00" level=info msg=ConnectionClosed connectionID=2
time="2026-03-04T15:59:06-05:00" level=info msg=NewConnection DisableClientMultiStatements=false connectionID=3
time="2026-03-04T15:59:06-05:00" level=info msg=NewConnection DisableClientMultiStatements=false connectionID=4
time="2026-03-04T15:59:06-05:00" level=info msg=ConnectionClosed connectionID=3
time="2026-03-04T15:59:06-05:00" level=info msg=ConnectionClosed connectionID=4
time="2026-03-04T15:59:06-05:00" level=info msg=NewConnection DisableClientMultiStatements=false connectionID=5
time="2026-03-04T15:59:06-05:00" level=info msg=ConnectionClosed connectionID=5
time="2026-03-04T15:59:06-05:00" level=info msg=NewConnection DisableClientMultiStatements=false connectionID=6
time="2026-03-04T15:59:06-05:00" level=info msg=NewConnection DisableClientMultiStatements=false connectionID=7
time="2026-03-04T15:59:06-05:00" level=info msg=ConnectionClosed connectionID=6
time="2026-03-04T15:59:06-05:00" level=info msg=ConnectionClosed connectionID=7
time="2026-03-04T15:59:07-05:00" level=info msg=NewConnection DisableClientMultiStatements=false connectionID=8
time="2026-03-04T15:59:07-05:00" level=info msg=ConnectionClosed connectionID=8
time="2026-03-04T15:59:07-05:00" level=info msg=NewConnection DisableClientMultiStatements=false connectionID=9
time="2026-03-04T15:59:07-05:00" level=info msg=NewConnection DisableClientMultiStatements=false connectionID=10
time="2026-03-04T15:59:07-05:00" level=info msg=ConnectionClosed connectionID=9
time="2026-03-04T15:59:07-05:00" level=info msg=ConnectionClosed connectionID=10
time="2026-03-04T16:29:07-05:00" level=info msg=NewConnection DisableClientMultiStatements=false connectionID=11
time="2026-03-04T16:29:07-05:00" level=info msg=ConnectionClosed connectionID=11
time="2026-03-04T16:29:07-05:00" level=info msg="Server closing listener. No longer accepting connections."
time="2026-03-04T16:29:07-05:00" level=info msg="stats stopped: context canceled"
Starting server with Config HP="127.0.0.1:13983"|T="28800000"|R="false"|L="info"
time="2026-03-05T12:20:20-05:00" level=info msg="Server ready. Accepting connections."
time="2026-03-05T12:20:20-05:00" level=warning msg="secure_file_priv is set to \"\", which is insecure."
time="2026-03-05T12:20:20-05:00" level=warning msg="Any user with GRANT FILE privileges will be able to read any file which the sql-server process can read."
time="2026-03-05T12:20:20-05:00" level=warning msg="Please consider restarting the server with secure_file_priv set to a safe (or non-existent) directory."
time="2026-03-05T12:20:20-05:00" level=info msg=NewConnection DisableClientMultiStatements=false connectionID=1
time="2026-03-05T12:20:20-05:00" level=info msg=ConnectionClosed connectionID=1
time="2026-03-05T12:20:20-05:00" level=info msg=NewConnection DisableClientMultiStatements=false connectionID=2
time="2026-03-05T12:20:20-05:00" level=info msg=ConnectionClosed connectionID=2
time="2026-03-05T12:20:20-05:00" level=info msg=NewConnection DisableClientMultiStatements=false connectionID=3
time="2026-03-05T12:20:20-05:00" level=info msg=ConnectionClosed connectionID=3
time="2026-03-05T12:27:04-05:00" level=info msg=NewConnection DisableClientMultiStatements=false connectionID=4
time="2026-03-05T12:27:04-05:00" level=info msg=NewConnection DisableClientMultiStatements=false connectionID=5
time="2026-03-05T12:27:04-05:00" level=info msg=ConnectionClosed connectionID=4
time="2026-03-05T12:27:04-05:00" level=info msg=ConnectionClosed connectionID=5
time="2026-03-05T12:27:05-05:00" level=info msg=NewConnection DisableClientMultiStatements=false connectionID=6
time="2026-03-05T12:27:05-05:00" level=info msg=ConnectionClosed connectionID=6
time="2026-03-05T12:27:05-05:00" level=info msg=NewConnection DisableClientMultiStatements=false connectionID=7
time="2026-03-05T12:27:05-05:00" level=info msg=ConnectionClosed connectionID=7
time="2026-03-05T12:27:05-05:00" level=info msg=NewConnection DisableClientMultiStatements=false connectionID=8
time="2026-03-05T12:27:05-05:00" level=info msg=ConnectionClosed connectionID=8
time="2026-03-05T12:27:05-05:00" level=info msg=NewConnection DisableClientMultiStatements=false connectionID=9
time="2026-03-05T12:27:05-05:00" level=info msg=ConnectionClosed connectionID=9
time="2026-03-05T12:27:05-05:00" level=info msg=NewConnection DisableClientMultiStatements=false connectionID=10
time="2026-03-05T12:27:05-05:00" level=info msg=ConnectionClosed connectionID=10
time="2026-03-05T12:27:05-05:00" level=info msg=NewConnection DisableClientMultiStatements=false connectionID=11
time="2026-03-05T12:27:05-05:00" level=info msg=ConnectionClosed connectionID=11
time="2026-03-05T12:27:05-05:00" level=info msg=NewConnection DisableClientMultiStatements=false connectionID=12
time="2026-03-05T12:27:05-05:00" level=info msg=ConnectionClosed connectionID=12
time="2026-03-05T12:27:05-05:00" level=info msg=NewConnection DisableClientMultiStatements=false connectionID=13
time="2026-03-05T12:27:05-05:00" level=info msg=ConnectionClosed connectionID=13
time="2026-03-05T12:27:07-05:00" level=info msg=NewConnection DisableClientMultiStatements=false connectionID=14
time="2026-03-05T12:27:07-05:00" level=info msg=ConnectionClosed connectionID=14
time="2026-03-05T12:27:07-05:00" level=info msg=NewConnection DisableClientMultiStatements=false connectionID=15
time="2026-03-05T12:27:07-05:00" level=info msg=ConnectionClosed connectionID=15
time="2026-03-05T12:27:07-05:00" level=info msg=NewConnection DisableClientMultiStatements=false connectionID=16
time="2026-03-05T12:27:07-05:00" level=error msg="unable to process ComInitDB: database not found: beads" database=beads
time="2026-03-05T12:27:07-05:00" level=error msg="failed to set the database client 16 (127.0.0.1:59349): database not found: beads (errno 1049) (sqlstate HY000)"
time="2026-03-05T12:27:07-05:00" level=info msg=ConnectionClosed connectionID=16
time="2026-03-05T12:27:07-05:00" level=info msg=NewConnection DisableClientMultiStatements=false connectionID=17
time="2026-03-05T12:27:07-05:00" level=error msg="unable to process ComInitDB: database not found: beads" database=beads
time="2026-03-05T12:27:07-05:00" level=error msg="failed to set the database client 17 (127.0.0.1:59355): database not found: beads (errno 1049) (sqlstate HY000)"
time="2026-03-05T12:27:07-05:00" level=info msg=ConnectionClosed connectionID=17
time="2026-03-05T12:45:28-05:00" level=info msg=NewConnection DisableClientMultiStatements=false connectionID=18
time="2026-03-05T12:45:28-05:00" level=info msg=ConnectionClosed connectionID=18
time="2026-03-05T12:45:28-05:00" level=info msg=NewConnection DisableClientMultiStatements=false connectionID=19
time="2026-03-05T12:45:28-05:00" level=info msg=ConnectionClosed connectionID=19
time="2026-03-05T12:45:28-05:00" level=info msg=NewConnection DisableClientMultiStatements=false connectionID=20
time="2026-03-05T12:45:28-05:00" level=info msg=ConnectionClosed connectionID=20
time="2026-03-05T12:45:28-05:00" level=info msg=NewConnection DisableClientMultiStatements=false connectionID=21
time="2026-03-05T12:45:28-05:00" level=info msg=ConnectionClosed connectionID=21
time="2026-03-05T12:45:28-05:00" level=info msg=NewConnection DisableClientMultiStatements=false connectionID=22
time="2026-03-05T12:45:28-05:00" level=info msg=ConnectionClosed connectionID=22
time="2026-03-05T12:45:28-05:00" level=info msg=NewConnection DisableClientMultiStatements=false connectionID=23
time="2026-03-05T12:45:28-05:00" level=info msg=ConnectionClosed connectionID=23
time="2026-03-05T12:45:28-05:00" level=info msg=NewConnection DisableClientMultiStatements=false connectionID=24
time="2026-03-05T12:45:28-05:00" level=info msg=ConnectionClosed connectionID=24
time="2026-03-05T12:45:28-05:00" level=info msg=NewConnection DisableClientMultiStatements=false connectionID=25
time="2026-03-05T12:45:28-05:00" level=info msg=ConnectionClosed connectionID=25
time="2026-03-05T12:45:28-05:00" level=info msg=NewConnection DisableClientMultiStatements=false connectionID=26
time="2026-03-05T12:45:28-05:00" level=info msg=ConnectionClosed connectionID=26
time="2026-03-05T12:45:28-05:00" level=info msg=NewConnection DisableClientMultiStatements=false connectionID=27
time="2026-03-05T12:45:28-05:00" level=info msg=ConnectionClosed connectionID=27
time="2026-03-05T12:45:30-05:00" level=info msg=NewConnection DisableClientMultiStatements=false connectionID=28
time="2026-03-05T12:45:30-05:00" level=info msg=ConnectionClosed connectionID=28
time="2026-03-05T12:45:30-05:00" level=info msg=NewConnection DisableClientMultiStatements=false connectionID=29
time="2026-03-05T12:45:30-05:00" level=info msg=ConnectionClosed connectionID=29
time="2026-03-05T12:45:30-05:00" level=info msg=NewConnection DisableClientMultiStatements=false connectionID=30
time="2026-03-05T12:45:30-05:00" level=error msg="unable to process ComInitDB: database not found: beads" database=beads
time="2026-03-05T12:45:30-05:00" level=error msg="failed to set the database client 30 (127.0.0.1:59583): database not found: beads (errno 1049) (sqlstate HY000)"
time="2026-03-05T12:45:30-05:00" level=info msg=ConnectionClosed connectionID=30
time="2026-03-05T12:45:30-05:00" level=info msg=NewConnection DisableClientMultiStatements=false connectionID=31
time="2026-03-05T12:45:30-05:00" level=error msg="unable to process ComInitDB: database not found: beads" database=beads
time="2026-03-05T12:45:30-05:00" level=error msg="failed to set the database client 31 (127.0.0.1:59589): database not found: beads (errno 1049) (sqlstate HY000)"
time="2026-03-05T12:45:30-05:00" level=info msg=ConnectionClosed connectionID=31
time="2026-03-05T12:45:31-05:00" level=info msg=NewConnection DisableClientMultiStatements=false connectionID=32
time="2026-03-05T12:45:31-05:00" level=error msg="unable to process ComInitDB: database not found: beads" database=beads
time="2026-03-05T12:45:31-05:00" level=error msg="failed to set the database client 32 (127.0.0.1:59590): database not found: beads (errno 1049) (sqlstate HY000)"
time="2026-03-05T12:45:31-05:00" level=info msg=ConnectionClosed connectionID=32
time="2026-03-05T12:45:31-05:00" level=info msg=NewConnection DisableClientMultiStatements=false connectionID=33
time="2026-03-05T12:45:31-05:00" level=error msg="unable to process ComInitDB: database not found: beads" database=beads
time="2026-03-05T12:45:31-05:00" level=error msg="failed to set the database client 33 (127.0.0.1:59591): database not found: beads (errno 1049) (sqlstate HY000)"
time="2026-03-05T12:45:31-05:00" level=info msg=ConnectionClosed connectionID=33
time="2026-03-05T13:50:04-05:00" level=info msg=NewConnection DisableClientMultiStatements=false connectionID=34
time="2026-03-05T13:50:04-05:00" level=info msg=ConnectionClosed connectionID=34
time="2026-03-05T13:50:04-05:00" level=info msg="Server closing listener. No longer accepting connections."
time="2026-03-05T13:50:04-05:00" level=info msg="stats stopped: context canceled"
Starting server with Config HP="127.0.0.1:13983"|T="28800000"|R="false"|L="info"
time="2026-03-06T08:52:57-05:00" level=info msg="Server ready. Accepting connections."
time="2026-03-06T08:52:57-05:00" level=warning msg="secure_file_priv is set to \"\", which is insecure."
time="2026-03-06T08:52:57-05:00" level=warning msg="Any user with GRANT FILE privileges will be able to read any file which the sql-server process can read."
time="2026-03-06T08:52:57-05:00" level=warning msg="Please consider restarting the server with secure_file_priv set to a safe (or non-existent) directory."
time="2026-03-06T08:52:58-05:00" level=info msg=NewConnection DisableClientMultiStatements=false connectionID=1
time="2026-03-06T08:52:58-05:00" level=info msg=ConnectionClosed connectionID=1
time="2026-03-06T08:52:58-05:00" level=info msg=NewConnection DisableClientMultiStatements=false connectionID=2
time="2026-03-06T08:52:58-05:00" level=info msg=ConnectionClosed connectionID=2
time="2026-03-06T08:52:58-05:00" level=info msg=NewConnection DisableClientMultiStatements=false connectionID=3
time="2026-03-06T08:52:58-05:00" level=info msg=ConnectionClosed connectionID=3
time="2026-03-06T08:53:04-05:00" level=info msg=NewConnection DisableClientMultiStatements=false connectionID=4
time="2026-03-06T08:53:04-05:00" level=info msg=ConnectionClosed connectionID=4
time="2026-03-06T08:53:04-05:00" level=info msg=NewConnection DisableClientMultiStatements=false connectionID=5
time="2026-03-06T08:53:04-05:00" level=info msg=ConnectionClosed connectionID=5
time="2026-03-06T08:53:36-05:00" level=info msg="Server closing listener. No longer accepting connections."
time="2026-03-06T08:53:36-05:00" level=info msg="stats stopped: context canceled"
Starting server with Config HP="127.0.0.1:13983"|T="28800000"|R="false"|L="info"
time="2026-03-06T08:53:46-05:00" level=info msg="Creating root@localhost superuser"
time="2026-03-06T08:53:46-05:00" level=info msg="Server ready. Accepting connections."
time="2026-03-06T08:53:46-05:00" level=warning msg="secure_file_priv is set to \"\", which is insecure."
time="2026-03-06T08:53:46-05:00" level=warning msg="Any user with GRANT FILE privileges will be able to read any file which the sql-server process can read."
time="2026-03-06T08:53:46-05:00" level=warning msg="Please consider restarting the server with secure_file_priv set to a safe (or non-existent) directory."
time="2026-03-06T08:53:46-05:00" level=info msg=NewConnection DisableClientMultiStatements=false connectionID=1
time="2026-03-06T08:53:46-05:00" level=info msg=ConnectionClosed connectionID=1
time="2026-03-06T08:53:46-05:00" level=info msg=NewConnection DisableClientMultiStatements=false connectionID=2
time="2026-03-06T08:53:46-05:00" level=info msg=ConnectionClosed connectionID=2
time="2026-03-06T08:53:46-05:00" level=info msg=NewConnection DisableClientMultiStatements=false connectionID=3
time="2026-03-06T08:53:46-05:00" level=info msg=NewConnection DisableClientMultiStatements=false connectionID=4
time="2026-03-06T08:53:46-05:00" level=info msg=ConnectionClosed connectionID=3
time="2026-03-06T08:53:46-05:00" level=warning msg="error running query" connectTime="2026-03-06 08:53:46.864816 -0500 EST m=+0.553107168" connectionDb=journalism_atlas connectionID=4 error="table not found: config" queryTime="2026-03-06 08:53:46.866214 -0500 EST m=+0.554505418"
time="2026-03-06T08:53:46-05:00" level=warning msg="error running query" connectTime="2026-03-06 08:53:46.864816 -0500 EST m=+0.553107168" connectionDb=journalism_atlas connectionID=4 error="Duplicate key name 'idx_issues_issue_type'" queryTime="2026-03-06 08:53:46.970068 -0500 EST m=+0.658358918"
time="2026-03-06T08:53:46-05:00" level=warning msg="error running query" connectTime="2026-03-06 08:53:46.864816 -0500 EST m=+0.553107168" connectionDb=journalism_atlas connectionID=4 error="foreign key `fk_dep_depends_on` was not found on the table `dependencies`" queryTime="2026-03-06 08:53:46.9708 -0500 EST m=+0.659090668"
time="2026-03-06T08:53:47-05:00" level=info msg=ConnectionClosed connectionID=4
